<?xml version="1.0" encoding="UTF-8"?>
<!-- Generated by org.testng.reporters.JUnitReportReporter -->
<testsuite skipped="0" hostname="DESKTOP-O5NK748" name="scripts.Bluestone_21" tests="1" failures="0" timestamp="2019-10-22T00:18:26 IST" time="23.992" errors="0">
  <testcase name="Scenario_30" time="23.992" classname="scripts.Bluestone_21"/>
</testsuite> <!-- scripts.Bluestone_21 -->
