<?xml version="1.0" encoding="UTF-8"?>
<!-- Generated by org.testng.reporters.JUnitReportReporter -->
<testsuite skipped="0" hostname="DESKTOP-O5NK748" name="scripts.Bluestone_13" tests="1" failures="0" timestamp="2019-10-21T17:50:04 IST" time="25.225" errors="0">
  <testcase name="Scenario_21" time="25.225" classname="scripts.Bluestone_13"/>
</testsuite> <!-- scripts.Bluestone_13 -->
