<?xml version="1.0" encoding="UTF-8"?>
<!-- Generated by org.testng.reporters.JUnitReportReporter -->
<testsuite skipped="0" hostname="DESKTOP-O5NK748" name="scripts.Bluestone_07" tests="1" failures="0" timestamp="2019-10-21T15:53:52 IST" time="22.462" errors="0">
  <testcase name="Scenario_15" time="22.462" classname="scripts.Bluestone_07"/>
</testsuite> <!-- scripts.Bluestone_07 -->
