<?xml version="1.0" encoding="UTF-8"?>
<!-- Generated by org.testng.reporters.JUnitReportReporter -->
<testsuite skipped="0" hostname="DESKTOP-O5NK748" name="scripts.Bluestone_14" tests="1" failures="0" timestamp="2019-10-21T18:04:17 IST" time="20.202" errors="0">
  <testcase name="Scenario_22" time="20.202" classname="scripts.Bluestone_14"/>
</testsuite> <!-- scripts.Bluestone_14 -->
