<?xml version="1.0" encoding="UTF-8"?>
<!-- Generated by org.testng.reporters.JUnitReportReporter -->
<testsuite skipped="0" hostname="DESKTOP-O5NK748" name="scripts.Bluestone_24" tests="1" failures="0" timestamp="2019-10-22T11:34:17 IST" time="32.754" errors="0">
  <testcase name="Sceanrio_33" time="32.754" classname="scripts.Bluestone_24"/>
</testsuite> <!-- scripts.Bluestone_24 -->
