<?xml version="1.0" encoding="UTF-8"?>
<!-- Generated by org.testng.reporters.JUnitReportReporter -->
<testsuite skipped="0" hostname="DESKTOP-O5NK748" name="scripts.Bluestone_06" tests="1" failures="0" timestamp="2019-10-21T15:49:10 IST" time="38.793" errors="0">
  <testcase name="Scenario_14" time="38.793" classname="scripts.Bluestone_06"/>
</testsuite> <!-- scripts.Bluestone_06 -->
