<?xml version="1.0" encoding="UTF-8"?>
<!-- Generated by org.testng.reporters.JUnitReportReporter -->
<testsuite skipped="0" hostname="DESKTOP-O5NK748" name="scripts.Bluestone_20" tests="1" failures="0" timestamp="2019-10-21T23:48:03 IST" time="23.150" errors="0">
  <testcase name="Scenario_28" time="23.150" classname="scripts.Bluestone_20"/>
</testsuite> <!-- scripts.Bluestone_20 -->
