<?xml version="1.0" encoding="UTF-8"?>
<!-- Generated by org.testng.reporters.JUnitReportReporter -->
<testsuite skipped="0" hostname="DESKTOP-O5NK748" name="scripts.Bluestone_18" tests="1" failures="0" timestamp="2019-10-21T22:46:52 IST" time="23.005" errors="0">
  <testcase name="Scenario_26" time="23.005" classname="scripts.Bluestone_18"/>
</testsuite> <!-- scripts.Bluestone_18 -->
