<?xml version="1.0" encoding="UTF-8"?>
<!-- Generated by org.testng.reporters.JUnitReportReporter -->
<testsuite skipped="0" hostname="DESKTOP-O5NK748" name="scripts.Test1" tests="1" failures="0" timestamp="2019-10-22T12:19:25 IST" time="32.324" errors="0">
  <testcase name="test" time="32.324" classname="scripts.Test1"/>
</testsuite> <!-- scripts.Test1 -->
