<?xml version="1.0" encoding="UTF-8"?>
<!-- Generated by org.testng.reporters.JUnitReportReporter -->
<testsuite skipped="0" hostname="DESKTOP-O5NK748" name="scripts.Bluestone_23" tests="1" failures="0" timestamp="2019-10-22T00:46:33 IST" time="19.347" errors="0">
  <testcase name="Sceanrio_32" time="19.347" classname="scripts.Bluestone_23"/>
</testsuite> <!-- scripts.Bluestone_23 -->
