<?xml version="1.0" encoding="UTF-8"?>
<!-- Generated by org.testng.reporters.JUnitReportReporter -->
<testsuite skipped="0" hostname="DESKTOP-O5NK748" name="scripts.Bluestone_16" tests="1" failures="0" timestamp="2019-10-21T22:15:03 IST" time="28.333" errors="0">
  <testcase name="Scenario_24" time="28.333" classname="scripts.Bluestone_16"/>
</testsuite> <!-- scripts.Bluestone_16 -->
