<?xml version="1.0" encoding="UTF-8"?>
<!-- Generated by org.testng.reporters.JUnitReportReporter -->
<testsuite skipped="0" hostname="DESKTOP-O5NK748" name="scripts.Bluestone_09" tests="1" failures="0" timestamp="2019-10-21T15:56:33 IST" time="29.144" errors="0">
  <testcase name="Scenario_17" time="29.144" classname="scripts.Bluestone_09"/>
</testsuite> <!-- scripts.Bluestone_09 -->
