<?xml version="1.0" encoding="UTF-8"?>
<!-- Generated by org.testng.reporters.JUnitReportReporter -->
<testsuite skipped="0" hostname="DESKTOP-O5NK748" name="scripts.Bluestone_08" tests="1" failures="0" timestamp="2019-10-21T15:55:22 IST" time="38.214" errors="0">
  <testcase name="Scenario_16" time="38.214" classname="scripts.Bluestone_08"/>
</testsuite> <!-- scripts.Bluestone_08 -->
