<?xml version="1.0" encoding="UTF-8"?>
<!-- Generated by org.testng.reporters.JUnitReportReporter -->
<testsuite skipped="0" hostname="DESKTOP-O5NK748" name="scripts.Bluestone_05" tests="1" failures="0" timestamp="2019-10-21T14:41:06 IST" time="36.703" errors="0">
  <testcase name="Scenario_11" time="36.703" classname="scripts.Bluestone_05"/>
</testsuite> <!-- scripts.Bluestone_05 -->
