<?xml version="1.0" encoding="UTF-8"?>
<!-- Generated by org.testng.reporters.JUnitReportReporter -->
<testsuite skipped="0" hostname="DESKTOP-O5NK748" name="scripts.Bluestone_10" tests="1" failures="0" timestamp="2019-10-21T16:05:45 IST" time="19.941" errors="0">
  <testcase name="Scenario_18" time="19.941" classname="scripts.Bluestone_10"/>
</testsuite> <!-- scripts.Bluestone_10 -->
