<?xml version="1.0" encoding="UTF-8"?>
<!-- Generated by org.testng.reporters.JUnitReportReporter -->
<testsuite skipped="0" hostname="DESKTOP-O5NK748" name="scripts.Bluestone_11" tests="1" failures="0" timestamp="2019-10-21T16:08:08 IST" time="25.529" errors="0">
  <testcase name="Scenario_20" time="25.529" classname="scripts.Bluestone_11"/>
</testsuite> <!-- scripts.Bluestone_11 -->
