<?xml version="1.0" encoding="UTF-8"?>
<!-- Generated by org.testng.reporters.JUnitReportReporter -->
<testsuite skipped="0" hostname="DESKTOP-O5NK748" name="scripts.Bluestone_22" tests="1" failures="0" timestamp="2019-10-22T00:36:18 IST" time="26.709" errors="0">
  <testcase name="Scenario_31" time="26.709" classname="scripts.Bluestone_22"/>
</testsuite> <!-- scripts.Bluestone_22 -->
