<?xml version="1.0" encoding="UTF-8"?>
<!-- Generated by org.testng.reporters.JUnitReportReporter -->
<testsuite skipped="0" hostname="DESKTOP-O5NK748" name="scripts.Bluestone_19" tests="1" failures="0" timestamp="2019-10-21T23:15:50 IST" time="19.804" errors="0">
  <testcase name="Scenario_19" time="19.804" classname="scripts.Bluestone_19"/>
</testsuite> <!-- scripts.Bluestone_19 -->
