<?xml version="1.0" encoding="UTF-8"?>
<!-- Generated by org.testng.reporters.JUnitReportReporter -->
<testsuite skipped="0" hostname="DESKTOP-O5NK748" name="scripts.Bluestone_25" tests="2" failures="0" timestamp="2019-10-22T15:44:23 IST" time="241.208" errors="0">
  <testcase name="Scenario_12" time="107.421" classname="scripts.Bluestone_25"/>
  <testcase name="Scenario_12" time="133.787" classname="scripts.Bluestone_25"/>
</testsuite> <!-- scripts.Bluestone_25 -->
