<?xml version="1.0" encoding="UTF-8"?>
<!-- Generated by org.testng.reporters.JUnitReportReporter -->
<testsuite skipped="0" hostname="DESKTOP-O5NK748" name="scripts.Bluestone_17" tests="1" failures="0" timestamp="2019-10-21T22:24:53 IST" time="71.717" errors="0">
  <testcase name="Scenario_25" time="71.717" classname="scripts.Bluestone_17"/>
</testsuite> <!-- scripts.Bluestone_17 -->
