<?xml version="1.0" encoding="UTF-8"?>
<!-- Generated by org.testng.reporters.JUnitReportReporter -->
<testsuite skipped="0" hostname="DESKTOP-O5NK748" name="scripts.Bluestone_04" tests="1" failures="0" timestamp="2019-10-21T12:07:42 IST" time="50.664" errors="0">
  <testcase name="Scenario_08" time="50.664" classname="scripts.Bluestone_04"/>
</testsuite> <!-- scripts.Bluestone_04 -->
