<?xml version="1.0" encoding="UTF-8"?>
<!-- Generated by org.testng.reporters.JUnitReportReporter -->
<testsuite skipped="0" hostname="DESKTOP-O5NK748" name="scripts.Bluestone_15" tests="1" failures="0" timestamp="2019-10-21T18:05:19 IST" time="29.025" errors="0">
  <testcase name="Scenario_23" time="29.025" classname="scripts.Bluestone_15"/>
</testsuite> <!-- scripts.Bluestone_15 -->
